0 info it worked if it ends with ok
1 verbose cli [ 'node', '/opt/local/bin/npm', 'install' ]
2 info using npm@1.1.65
3 info using node@v0.8.12
4 verbose read json /Users/nfmelendez/workplaces/jsprojects/kiwi/kiwiweb/package.json
5 error install Couldn't read dependencies
6 error Failed to parse json
6 error Unexpected token }
7 error File: /Users/nfmelendez/workplaces/jsprojects/kiwi/kiwiweb/package.json
8 error Failed to parse package.json data.
8 error package.json must be actual JSON, not just JavaScript.
8 error
8 error This is not a bug in npm.
8 error Tell the package author to fix their package.json file. JSON.parse
9 error System Darwin 10.8.0
10 error command "node" "/opt/local/bin/npm" "install"
11 error cwd /Users/nfmelendez/workplaces/jsprojects/kiwi/kiwiweb
12 error node -v v0.8.12
13 error npm -v 1.1.65
14 error file /Users/nfmelendez/workplaces/jsprojects/kiwi/kiwiweb/package.json
15 error code EJSONPARSE
16 verbose exit [ 1, true ]
